c:\users\kek\source\repos\rasterize\rasterizationlib\x64\release\rasterizationlib.pch
c:\users\kek\source\repos\rasterize\rasterizationlib\x64\release\rasterizationlib.pdb
c:\users\kek\source\repos\rasterize\rasterizationlib\x64\release\stdafx.obj
c:\users\kek\source\repos\rasterize\rasterizationlib\x64\release\help_functions.obj
c:\users\kek\source\repos\rasterize\rasterizationlib\x64\release\vertex.obj
c:\users\kek\source\repos\rasterize\rasterizationlib\x64\release\vector4d.obj
c:\users\kek\source\repos\rasterize\rasterizationlib\x64\release\triangle.obj
c:\users\kek\source\repos\rasterize\rasterizationlib\x64\release\painter.obj
c:\users\kek\source\repos\rasterize\rasterizationlib\x64\release\matrix4d.obj
c:\users\kek\source\repos\rasterize\rasterizationlib\x64\release\lightsource.obj
c:\users\kek\source\repos\rasterize\rasterizationlib\x64\release\cube.obj
c:\users\kek\source\repos\rasterize\rasterizationlib\x64\release\complextriangle.obj
c:\users\kek\source\repos\rasterize\rasterizationlib\x64\release\color.obj
c:\users\kek\source\repos\rasterize\rasterizationlib\x64\release\pixel.obj
c:\users\kek\source\repos\rasterize\x64\release\rasterizationlib.lib
c:\users\kek\source\repos\rasterize\rasterizationlib\x64\release\nativecodeanalysis.read.1.tlog
c:\users\kek\source\repos\rasterize\rasterizationlib\x64\release\color.nativecodeanalysis.xml
c:\users\kek\source\repos\rasterize\rasterizationlib\x64\release\complextriangle.nativecodeanalysis.xml
c:\users\kek\source\repos\rasterize\rasterizationlib\x64\release\cube.nativecodeanalysis.xml
c:\users\kek\source\repos\rasterize\rasterizationlib\x64\release\help_functions.nativecodeanalysis.xml
c:\users\kek\source\repos\rasterize\rasterizationlib\x64\release\lightsource.nativecodeanalysis.xml
c:\users\kek\source\repos\rasterize\rasterizationlib\x64\release\matrix4d.nativecodeanalysis.xml
c:\users\kek\source\repos\rasterize\rasterizationlib\x64\release\painter.nativecodeanalysis.xml
c:\users\kek\source\repos\rasterize\rasterizationlib\x64\release\stdafx.nativecodeanalysis.xml
c:\users\kek\source\repos\rasterize\rasterizationlib\x64\release\triangle.nativecodeanalysis.xml
c:\users\kek\source\repos\rasterize\rasterizationlib\x64\release\vc.nativecodeanalysis.all.xml
c:\users\kek\source\repos\rasterize\rasterizationlib\x64\release\vector4d.nativecodeanalysis.xml
c:\users\kek\source\repos\rasterize\rasterizationlib\x64\release\vertex.nativecodeanalysis.xml
c:\users\kek\source\repos\rasterize\x64\release\rasterizationlib.lib.lastcodeanalysissucceeded
c:\users\kek\source\repos\rasterize\rasterizationlib\x64\release\rasterizationlib.tlog\cl.command.1.tlog
c:\users\kek\source\repos\rasterize\rasterizationlib\x64\release\rasterizationlib.tlog\cl.read.1.tlog
c:\users\kek\source\repos\rasterize\rasterizationlib\x64\release\rasterizationlib.tlog\cl.write.1.tlog
c:\users\kek\source\repos\rasterize\rasterizationlib\x64\release\rasterizationlib.tlog\lib-link.read.1.tlog
c:\users\kek\source\repos\rasterize\rasterizationlib\x64\release\rasterizationlib.tlog\lib-link.write.1.tlog
c:\users\kek\source\repos\rasterize\rasterizationlib\x64\release\rasterizationlib.tlog\lib.command.1.tlog
